<?xml version="1.0" encoding="UTF-8"?>
<!-- Generated by org.testng.reporters.JUnitXMLReporter -->
<testsuite hostname="DESKTOP-A7L5GQS" ignored="0" name="Test" tests="5" failures="0" timestamp="27 Oct 2019 03:20:37 GMT" time="3.734" errors="0">
  <testcase name="getTest" time="2.6" classname="com.testCases.TestNGFrameworkAPI"/>
  <testcase name="posttest" time="0.129" classname="com.testCases.TestNGFrameworkAPI"/>
  <testcase name="putTest" time="0.06" classname="com.testCases.TestNGFrameworkAPI"/>
  <testcase name="patchTest" time="0.05" classname="com.testCases.TestNGFrameworkAPI"/>
  <testcase name="deleteTest" time="0.058" classname="com.testCases.TestNGFrameworkAPI"/>
</testsuite> <!-- Test -->
