<?xml version="1.0" encoding="UTF-8"?>
<testng-results skipped="0" failed="0" ignored="0" total="1" passed="1">
  <reporter-output>
  </reporter-output>
  <suite name="Default suite" duration-ms="4337" started-at="2019-10-27T23:10:01Z" finished-at="2019-10-27T23:10:05Z">
    <groups>
    </groups>
    <test name="Default test" duration-ms="4337" started-at="2019-10-27T23:10:01Z" finished-at="2019-10-27T23:10:05Z">
      <class name="com.post.delete.put.GetExample">
        <test-method status="PASS" signature="test1()[pri:0, instance:com.post.delete.put.GetExample@15bfd87]" name="test1" duration-ms="4249" started-at="2019-10-27T23:10:01Z" finished-at="2019-10-27T23:10:05Z">
          <reporter-output>
          </reporter-output>
        </test-method> <!-- test1 -->
      </class> <!-- com.post.delete.put.GetExample -->
    </test> <!-- Default test -->
  </suite> <!-- Default suite -->
</testng-results>
