<?xml version="1.0" encoding="UTF-8"?>
<testng-results skipped="0" failed="0" ignored="0" total="1" passed="1">
  <reporter-output>
  </reporter-output>
  <suite name="Default suite" duration-ms="1794" started-at="2020-02-01T23:04:22Z" finished-at="2020-02-01T23:04:23Z">
    <groups>
    </groups>
    <test name="Default test" duration-ms="1794" started-at="2020-02-01T23:04:22Z" finished-at="2020-02-01T23:04:23Z">
      <class name="com.http.methods.DeleteExample">
        <test-method status="PASS" signature="test1()[pri:0, instance:com.http.methods.DeleteExample@3159c4b8]" name="test1" duration-ms="1755" started-at="2020-02-01T23:04:22Z" finished-at="2020-02-01T23:04:23Z">
          <reporter-output>
          </reporter-output>
        </test-method> <!-- test1 -->
      </class> <!-- com.http.methods.DeleteExample -->
    </test> <!-- Default test -->
  </suite> <!-- Default suite -->
</testng-results>
